TN:
SF:/Users/ryanstewart/lighthouse/scheduler/src/components/Application.js
FN:16,Application
FN:27,(anonymous_1)
FNF:2
FNH:2
FNDA:15,Application
FNDA:18,(anonymous_1)
DA:22,15
DA:24,15
DA:26,15
DA:28,18
DA:41,15
LF:5
LH:5
BRF:0
BRH:0
end_of_record
TN:
SF:/Users/ryanstewart/lighthouse/scheduler/src/components/Button.js
FN:7,Button
FNF:1
FNH:1
FNDA:46,Button
DA:8,46
DA:13,46
LF:2
LH:2
BRF:0
BRH:0
end_of_record
TN:
SF:/Users/ryanstewart/lighthouse/scheduler/src/components/DayList.js
FN:5,DayList
FN:6,(anonymous_1)
FNF:2
FNH:2
FNDA:15,DayList
FNDA:18,(anonymous_1)
DA:6,15
DA:7,18
DA:18,15
LF:3
LH:3
BRF:0
BRH:0
end_of_record
TN:
SF:/Users/ryanstewart/lighthouse/scheduler/src/components/DayListItem.js
FN:5,DayListItem
FN:11,(anonymous_1)
FN:19,(anonymous_2)
FNF:3
FNH:2
FNDA:18,DayListItem
FNDA:18,(anonymous_1)
FNDA:0,(anonymous_2)
DA:3,1
DA:6,18
DA:11,18
DA:12,18
DA:15,18
DA:19,0
LF:6
LH:5
BRDA:12,0,0,1
BRDA:12,0,1,17
BRDA:12,1,0,16
BRDA:12,1,1,1
BRF:4
BRH:4
end_of_record
TN:
SF:/Users/ryanstewart/lighthouse/scheduler/src/components/InterviewerList.js
FN:8,InterviewerList
FN:9,(anonymous_1)
FN:17,(anonymous_2)
FNF:3
FNH:3
FNDA:21,InterviewerList
FNDA:30,(anonymous_1)
FNDA:2,(anonymous_2)
DA:9,21
DA:10,30
DA:17,2
DA:22,21
DA:30,2
LF:5
LH:5
BRF:0
BRH:0
end_of_record
TN:
SF:/Users/ryanstewart/lighthouse/scheduler/src/components/InterviewerListItem.js
FN:6,InterviewerItem
FNF:1
FNH:1
FNDA:30,InterviewerItem
DA:7,30
DA:11,30
LF:2
LH:2
BRDA:18,0,0,30
BRDA:18,0,1,6
BRF:2
BRH:2
end_of_record
TN:
SF:/Users/ryanstewart/lighthouse/scheduler/src/components/Appointment/Confirm.js
FN:5,Confirm
FNF:1
FNH:1
FNDA:2,Confirm
DA:6,2
LF:1
LH:1
BRF:0
BRH:0
end_of_record
TN:
SF:/Users/ryanstewart/lighthouse/scheduler/src/components/Appointment/Empty.js
FN:3,Empty
FNF:1
FNH:1
FNDA:24,Empty
DA:4,24
LF:1
LH:1
BRF:0
BRH:0
end_of_record
TN:
SF:/Users/ryanstewart/lighthouse/scheduler/src/components/Appointment/Error.js
FN:3,Error
FNF:1
FNH:1
FNDA:2,Error
DA:4,2
LF:1
LH:1
BRF:0
BRH:0
end_of_record
TN:
SF:/Users/ryanstewart/lighthouse/scheduler/src/components/Appointment/Form.js
FN:6,Form
FN:11,reset
FN:17,cancel
FN:22,validate
FN:38,(anonymous_4)
FN:45,(anonymous_5)
FNF:6
FNH:5
FNDA:21,Form
FNDA:1,reset
FNDA:1,cancel
FNDA:7,validate
FNDA:0,(anonymous_4)
FNDA:5,(anonymous_5)
DA:7,21
DA:8,21
DA:9,21
DA:12,1
DA:13,1
DA:14,1
DA:18,1
DA:19,1
DA:23,7
DA:24,2
DA:25,2
DA:27,5
DA:28,1
DA:29,1
DA:31,4
DA:32,4
DA:35,21
DA:38,0
DA:46,5
LF:19
LH:18
BRDA:7,0,0,21
BRDA:7,0,1,14
BRDA:8,1,0,21
BRDA:8,1,1,15
BRDA:23,2,0,2
BRDA:23,2,1,5
BRDA:27,3,0,1
BRDA:27,3,1,4
BRF:8
BRH:8
end_of_record
TN:
SF:/Users/ryanstewart/lighthouse/scheduler/src/components/Appointment/Header.js
FN:3,Header
FNF:1
FNH:1
FNDA:50,Header
DA:4,50
LF:1
LH:1
BRF:0
BRH:0
end_of_record
TN:
SF:/Users/ryanstewart/lighthouse/scheduler/src/components/Appointment/Show.js
FN:3,Show
FNF:1
FNH:1
FNDA:10,Show
DA:4,10
LF:1
LH:1
BRDA:11,0,0,10
BRDA:11,0,1,9
BRF:2
BRH:2
end_of_record
TN:
SF:/Users/ryanstewart/lighthouse/scheduler/src/components/Appointment/Status.js
FN:3,Status
FNF:1
FNH:1
FNDA:8,Status
DA:4,8
LF:1
LH:1
BRF:0
BRH:0
end_of_record
TN:
SF:/Users/ryanstewart/lighthouse/scheduler/src/components/Appointment/index.js
FN:24,Appointment
FN:28,save
FN:38,(anonymous_2)
FN:39,(anonymous_3)
FN:42,destroy
FN:46,(anonymous_5)
FN:47,(anonymous_6)
FN:53,(anonymous_7)
FN:59,(anonymous_8)
FN:60,(anonymous_9)
FNF:10
FNH:10
FNDA:50,Appointment
FNDA:3,save
FNDA:2,(anonymous_2)
FNDA:1,(anonymous_3)
FNDA:2,destroy
FNDA:1,(anonymous_5)
FNDA:1,(anonymous_6)
FNDA:2,(anonymous_7)
FNDA:2,(anonymous_8)
FNDA:1,(anonymous_9)
DA:12,1
DA:13,1
DA:14,1
DA:15,1
DA:16,1
DA:17,1
DA:18,1
DA:19,1
DA:20,1
DA:25,50
DA:29,3
DA:34,3
DA:36,3
DA:38,2
DA:39,1
DA:43,2
DA:44,2
DA:46,1
DA:47,1
DA:49,50
DA:53,2
DA:59,2
DA:60,1
LF:23
LH:23
BRDA:26,0,0,19
BRDA:26,0,1,31
BRDA:53,1,0,50
BRDA:53,1,1,24
BRDA:55,2,0,50
BRDA:55,2,1,10
BRDA:64,3,0,50
BRDA:64,3,1,3
BRDA:71,4,0,50
BRDA:71,4,1,1
BRDA:80,5,0,50
BRDA:80,5,1,5
BRDA:81,6,0,50
BRDA:81,6,1,3
BRDA:82,7,0,50
BRDA:82,7,1,2
BRDA:89,8,0,50
BRDA:89,8,1,1
BRDA:92,9,0,50
BRDA:92,9,1,1
BRF:20
BRH:20
end_of_record
TN:
SF:/Users/ryanstewart/lighthouse/scheduler/src/helpers/selectors.js
FN:1,getAppointmentsForDay
FN:2,(anonymous_1)
FN:6,(anonymous_2)
FN:9,getInterviewersForDay
FN:10,(anonymous_4)
FN:14,(anonymous_5)
FN:17,getInterview
FNF:7
FNH:7
FNDA:20,getAppointmentsForDay
FNDA:15,(anonymous_1)
FNDA:26,(anonymous_2)
FNDA:20,getInterviewersForDay
FNDA:15,(anonymous_4)
FNDA:24,(anonymous_5)
FNDA:20,getInterview
DA:2,20
DA:4,20
DA:6,26
DA:10,20
DA:12,20
DA:14,24
DA:18,20
LF:7
LH:7
BRDA:4,0,0,8
BRDA:4,0,1,12
BRDA:4,1,0,20
BRDA:4,1,1,13
BRDA:12,2,0,8
BRDA:12,2,1,12
BRDA:12,3,0,20
BRDA:12,3,1,13
BRDA:19,4,0,20
BRDA:19,4,1,10
BRF:10
BRH:10
end_of_record
TN:
SF:/Users/ryanstewart/lighthouse/scheduler/src/hooks/useApplicationData.js
FN:13,useApplicationData
FN:21,(anonymous_1)
FN:23,(anonymous_2)
FN:29,(anonymous_3)
FN:41,bookInterview
FN:42,(anonymous_5)
FN:51,cancelInterview
FN:52,(anonymous_7)
FNF:8
FNH:7
FNDA:15,useApplicationData
FNDA:0,(anonymous_1)
FNDA:6,(anonymous_2)
FNDA:6,(anonymous_3)
FNDA:3,bookInterview
FNDA:2,(anonymous_5)
FNDA:2,cancelInterview
FNDA:1,(anonymous_7)
DA:14,15
DA:21,15
DA:23,15
DA:24,6
DA:30,6
DA:39,15
DA:42,3
DA:43,2
DA:52,2
DA:53,1
DA:61,15
LF:11
LH:11
BRF:0
BRH:0
end_of_record
TN:
SF:/Users/ryanstewart/lighthouse/scheduler/src/hooks/useRealtimeUpdate.js
FN:4,useRealtimeUpdate
FN:5,(anonymous_1)
FN:8,(anonymous_2)
FN:16,(anonymous_3)
FNF:4
FNH:3
FNDA:15,useRealtimeUpdate
FNDA:6,(anonymous_1)
FNDA:0,(anonymous_2)
FNDA:6,(anonymous_3)
DA:5,15
DA:6,6
DA:8,6
DA:9,0
DA:11,0
DA:12,0
DA:16,6
DA:17,6
LF:8
LH:5
BRDA:11,0,0,0
BRDA:11,0,1,0
BRDA:11,1,0,0
BRDA:11,1,1,0
BRF:4
BRH:0
end_of_record
TN:
SF:/Users/ryanstewart/lighthouse/scheduler/src/hooks/useVisualMode.js
FN:2,useVisualMode
FN:5,transition
FN:6,(anonymous_2)
FN:15,back
FN:17,(anonymous_4)
FNF:5
FNH:5
FNDA:60,useVisualMode
FNDA:19,transition
FNDA:19,(anonymous_2)
FNDA:6,back
FNDA:5,(anonymous_4)
DA:3,60
DA:6,19
DA:7,19
DA:8,5
DA:10,14
DA:16,6
DA:17,5
DA:21,60
LF:8
LH:8
BRDA:5,0,0,14
BRDA:7,1,0,5
BRDA:7,1,1,14
BRDA:16,2,0,5
BRDA:16,2,1,1
BRF:5
BRH:5
end_of_record
TN:
SF:/Users/ryanstewart/lighthouse/scheduler/src/reducers/application.js
FN:5,reducer
FN:27,(anonymous_1)
FN:30,(anonymous_2)
FN:34,(anonymous_3)
FNF:4
FNH:4
FNDA:10,reducer
FNDA:3,(anonymous_1)
FNDA:6,(anonymous_2)
FNDA:6,(anonymous_3)
DA:1,2
DA:2,2
DA:3,2
DA:6,10
DA:8,0
DA:10,6
DA:17,3
DA:22,3
DA:27,3
DA:28,3
DA:30,6
DA:34,3
DA:35,6
DA:43,3
DA:50,1
LF:15
LH:14
BRDA:6,0,0,0
BRDA:6,0,1,6
BRDA:6,0,2,3
BRDA:6,0,3,1
BRDA:19,1,0,3
BRDA:19,1,1,2
BRDA:30,2,0,3
BRDA:30,2,1,3
BRDA:35,3,0,3
BRDA:35,3,1,3
BRF:10
BRH:9
end_of_record
