TN:
SF:/Users/ryanstewart/lighthouse/scheduler/src/components/Application.js
FN:16,Application
FN:27,(anonymous_1)
FNF:2
FNH:2
FNDA:5,Application
FNDA:6,(anonymous_1)
DA:22,5
DA:24,5
DA:26,5
DA:28,6
DA:41,5
LF:5
LH:5
BRF:0
BRH:0
end_of_record
TN:
SF:/Users/ryanstewart/lighthouse/scheduler/src/components/Button.js
FN:7,Button
FNF:1
FNH:1
FNDA:30,Button
DA:8,30
DA:13,30
LF:2
LH:2
BRF:0
BRH:0
end_of_record
TN:
SF:/Users/ryanstewart/lighthouse/scheduler/src/components/DayList.js
FN:5,DayList
FN:6,(anonymous_1)
FNF:2
FNH:2
FNDA:5,DayList
FNDA:6,(anonymous_1)
DA:6,5
DA:7,6
DA:18,5
LF:3
LH:3
BRF:0
BRH:0
end_of_record
TN:
SF:/Users/ryanstewart/lighthouse/scheduler/src/components/DayListItem.js
FN:5,DayListItem
FN:11,(anonymous_1)
FN:19,(anonymous_2)
FNF:3
FNH:2
FNDA:6,DayListItem
FNDA:6,(anonymous_1)
FNDA:0,(anonymous_2)
DA:3,1
DA:6,6
DA:11,6
DA:12,6
DA:15,6
DA:19,0
LF:6
LH:5
BRDA:12,0,0,1
BRDA:12,0,1,5
BRDA:12,1,0,5
BRDA:12,1,1,0
BRF:4
BRH:3
end_of_record
TN:
SF:/Users/ryanstewart/lighthouse/scheduler/src/components/InterviewerList.js
FN:8,InterviewerList
FN:9,(anonymous_1)
FN:17,(anonymous_2)
FNF:3
FNH:3
FNDA:15,InterviewerList
FNDA:18,(anonymous_1)
FNDA:1,(anonymous_2)
DA:9,15
DA:10,18
DA:17,1
DA:22,15
DA:30,2
LF:5
LH:5
BRF:0
BRH:0
end_of_record
TN:
SF:/Users/ryanstewart/lighthouse/scheduler/src/components/InterviewerListItem.js
FN:6,InterviewerItem
FNF:1
FNH:1
FNDA:18,InterviewerItem
DA:7,18
DA:11,18
LF:2
LH:2
BRDA:18,0,0,18
BRDA:18,0,1,5
BRF:2
BRH:2
end_of_record
TN:
SF:/Users/ryanstewart/lighthouse/scheduler/src/components/Appointment/Confirm.js
FN:5,Confirm
FNF:1
FNH:0
FNDA:0,Confirm
DA:6,0
LF:1
LH:0
BRF:0
BRH:0
end_of_record
TN:
SF:/Users/ryanstewart/lighthouse/scheduler/src/components/Appointment/Empty.js
FN:3,Empty
FNF:1
FNH:1
FNDA:7,Empty
DA:4,7
LF:1
LH:1
BRF:0
BRH:0
end_of_record
TN:
SF:/Users/ryanstewart/lighthouse/scheduler/src/components/Appointment/Error.js
FN:3,Error
FNF:1
FNH:0
FNDA:0,Error
DA:4,0
LF:1
LH:0
BRF:0
BRH:0
end_of_record
TN:
SF:/Users/ryanstewart/lighthouse/scheduler/src/components/Appointment/Form.js
FN:6,Form
FN:11,reset
FN:17,cancel
FN:22,validate
FN:38,(anonymous_4)
FN:45,(anonymous_5)
FNF:6
FNH:5
FNDA:15,Form
FNDA:1,reset
FNDA:1,cancel
FNDA:5,validate
FNDA:0,(anonymous_4)
FNDA:3,(anonymous_5)
DA:7,15
DA:8,15
DA:9,15
DA:12,1
DA:13,1
DA:14,1
DA:18,1
DA:19,1
DA:23,5
DA:24,2
DA:25,2
DA:27,3
DA:28,1
DA:29,1
DA:31,2
DA:32,2
DA:35,15
DA:38,0
DA:46,3
LF:19
LH:18
BRDA:7,0,0,15
BRDA:7,0,1,10
BRDA:8,1,0,15
BRDA:8,1,1,11
BRDA:23,2,0,2
BRDA:23,2,1,3
BRDA:27,3,0,1
BRDA:27,3,1,2
BRF:8
BRH:8
end_of_record
TN:
SF:/Users/ryanstewart/lighthouse/scheduler/src/components/Appointment/Header.js
FN:3,Header
FNF:1
FNH:1
FNDA:14,Header
DA:4,14
LF:1
LH:1
BRF:0
BRH:0
end_of_record
TN:
SF:/Users/ryanstewart/lighthouse/scheduler/src/components/Appointment/Show.js
FN:3,Show
FNF:1
FNH:1
FNDA:4,Show
DA:4,4
LF:1
LH:1
BRDA:11,0,0,4
BRDA:11,0,1,4
BRF:2
BRH:2
end_of_record
TN:
SF:/Users/ryanstewart/lighthouse/scheduler/src/components/Appointment/Status.js
FN:3,Status
FNF:1
FNH:1
FNDA:2,Status
DA:4,2
LF:1
LH:1
BRF:0
BRH:0
end_of_record
TN:
SF:/Users/ryanstewart/lighthouse/scheduler/src/components/Appointment/index.js
FN:24,Appointment
FN:28,save
FN:38,(anonymous_2)
FN:39,(anonymous_3)
FN:42,destroy
FN:46,(anonymous_5)
FN:47,(anonymous_6)
FN:53,(anonymous_7)
FN:59,(anonymous_8)
FN:60,(anonymous_9)
FNF:10
FNH:4
FNDA:14,Appointment
FNDA:1,save
FNDA:1,(anonymous_2)
FNDA:0,(anonymous_3)
FNDA:0,destroy
FNDA:0,(anonymous_5)
FNDA:0,(anonymous_6)
FNDA:1,(anonymous_7)
FNDA:0,(anonymous_8)
FNDA:0,(anonymous_9)
DA:12,1
DA:13,1
DA:14,1
DA:15,1
DA:16,1
DA:17,1
DA:18,1
DA:19,1
DA:20,1
DA:25,14
DA:29,1
DA:34,1
DA:36,1
DA:38,1
DA:39,0
DA:43,0
DA:44,0
DA:46,0
DA:47,0
DA:49,14
DA:53,1
DA:59,0
DA:60,0
LF:23
LH:16
BRDA:26,0,0,5
BRDA:26,0,1,9
BRDA:53,1,0,14
BRDA:53,1,1,7
BRDA:55,2,0,14
BRDA:55,2,1,4
BRDA:64,3,0,14
BRDA:64,3,1,1
BRDA:71,4,0,14
BRDA:71,4,1,0
BRDA:80,5,0,14
BRDA:80,5,1,2
BRDA:81,6,0,14
BRDA:81,6,1,0
BRDA:82,7,0,14
BRDA:82,7,1,0
BRDA:89,8,0,14
BRDA:89,8,1,0
BRDA:92,9,0,14
BRDA:92,9,1,0
BRF:20
BRH:15
end_of_record
TN:
SF:/Users/ryanstewart/lighthouse/scheduler/src/helpers/selectors.js
FN:1,getAppointmentsForDay
FN:2,(anonymous_1)
FN:6,(anonymous_2)
FN:9,getInterviewersForDay
FN:10,(anonymous_4)
FN:14,(anonymous_5)
FN:17,getInterview
FNF:7
FNH:7
FNDA:10,getAppointmentsForDay
FNDA:9,(anonymous_1)
FNDA:14,(anonymous_2)
FNDA:10,getInterviewersForDay
FNDA:9,(anonymous_4)
FNDA:12,(anonymous_5)
FNDA:8,getInterview
DA:2,10
DA:4,10
DA:6,14
DA:10,10
DA:12,10
DA:14,12
DA:18,8
LF:7
LH:7
BRDA:4,0,0,4
BRDA:4,0,1,6
BRDA:4,1,0,10
BRDA:4,1,1,7
BRDA:12,2,0,4
BRDA:12,2,1,6
BRDA:12,3,0,10
BRDA:12,3,1,7
BRDA:19,4,0,8
BRDA:19,4,1,5
BRF:10
BRH:10
end_of_record
TN:
SF:/Users/ryanstewart/lighthouse/scheduler/src/hooks/useApplicationData.js
FN:13,useApplicationData
FN:21,(anonymous_1)
FN:23,(anonymous_2)
FN:29,(anonymous_3)
FN:41,bookInterview
FN:42,(anonymous_5)
FN:51,cancelInterview
FN:52,(anonymous_7)
FNF:8
FNH:5
FNDA:5,useApplicationData
FNDA:0,(anonymous_1)
FNDA:2,(anonymous_2)
FNDA:2,(anonymous_3)
FNDA:1,bookInterview
FNDA:1,(anonymous_5)
FNDA:0,cancelInterview
FNDA:0,(anonymous_7)
DA:14,5
DA:21,5
DA:23,5
DA:24,2
DA:30,2
DA:39,5
DA:42,1
DA:43,1
DA:52,0
DA:53,0
DA:61,5
LF:11
LH:9
BRF:0
BRH:0
end_of_record
TN:
SF:/Users/ryanstewart/lighthouse/scheduler/src/hooks/useRealtimeUpdate.js
FN:4,useRealtimeUpdate
FN:5,(anonymous_1)
FN:8,(anonymous_2)
FN:16,(anonymous_3)
FNF:4
FNH:3
FNDA:5,useRealtimeUpdate
FNDA:2,(anonymous_1)
FNDA:0,(anonymous_2)
FNDA:2,(anonymous_3)
DA:5,5
DA:6,2
DA:8,2
DA:9,0
DA:11,0
DA:12,0
DA:16,2
DA:17,2
LF:8
LH:5
BRDA:11,0,0,0
BRDA:11,0,1,0
BRDA:11,1,0,0
BRDA:11,1,1,0
BRF:4
BRH:0
end_of_record
TN:
SF:/Users/ryanstewart/lighthouse/scheduler/src/hooks/useVisualMode.js
FN:2,useVisualMode
FN:5,transition
FN:6,(anonymous_2)
FN:15,back
FN:17,(anonymous_4)
FNF:5
FNH:5
FNDA:24,useVisualMode
FNDA:7,transition
FNDA:7,(anonymous_2)
FNDA:4,back
FNDA:3,(anonymous_4)
DA:3,24
DA:6,7
DA:7,7
DA:8,1
DA:10,6
DA:16,4
DA:17,3
DA:21,24
LF:8
LH:8
BRDA:5,0,0,6
BRDA:7,1,0,1
BRDA:7,1,1,6
BRDA:16,2,0,3
BRDA:16,2,1,1
BRF:5
BRH:5
end_of_record
TN:
SF:/Users/ryanstewart/lighthouse/scheduler/src/reducers/application.js
FN:5,reducer
FN:27,(anonymous_1)
FN:30,(anonymous_2)
FN:34,(anonymous_3)
FNF:4
FNH:4
FNDA:4,reducer
FNDA:1,(anonymous_1)
FNDA:2,(anonymous_2)
FNDA:2,(anonymous_3)
DA:1,2
DA:2,2
DA:3,2
DA:6,4
DA:8,0
DA:10,2
DA:17,1
DA:22,1
DA:27,1
DA:28,1
DA:30,2
DA:34,1
DA:35,2
DA:43,1
DA:50,1
LF:15
LH:14
BRDA:6,0,0,0
BRDA:6,0,1,2
BRDA:6,0,2,1
BRDA:6,0,3,1
BRDA:19,1,0,1
BRDA:19,1,1,1
BRDA:30,2,0,2
BRDA:30,2,1,0
BRDA:35,3,0,1
BRDA:35,3,1,1
BRF:10
BRH:8
end_of_record
